[INFO] Scanning for projects...
[WARNING] 
[WARNING] Some problems were encountered while building the effective model for examples:examples:jar:1.0-SNAPSHOT
[WARNING] 'dependencies.dependency.version' for org.junit.jupiter:junit-jupiter:jar is either LATEST or RELEASE (both of them are being deprecated) @ line 27, column 22
[WARNING] 
[WARNING] It is highly recommended to fix these problems because they threaten the stability of your build.
[WARNING] 
[WARNING] For this reason, future Maven versions might no longer support building such malformed projects.
[WARNING] 
[INFO] 
[INFO] -------------------------< examples:examples >--------------------------
[INFO] Building examples 1.0-SNAPSHOT
[INFO]   from pom.xml
[INFO] --------------------------------[ jar ]---------------------------------
[INFO] 
[INFO] --- jacoco-maven-plugin:0.8.7:prepare-agent (default) @ examples ---
[INFO] argLine set to -javaagent:C:\\Users\\yhcro\\.m2\\repository\\org\\jacoco\\org.jacoco.agent\\0.8.7\\org.jacoco.agent-0.8.7-runtime.jar=destfile=C:\\Users\\yhcro\\PycharmProjects\\stproject\\examples\\target\\jacoco.exec
[INFO] 
[INFO] --- maven-resources-plugin:2.6:resources (default-resources) @ examples ---
[INFO] Using 'UTF-8' encoding to copy filtered resources.
[INFO] skip non existing resourceDirectory C:\Users\yhcro\PycharmProjects\stproject\examples\src\main\resources
[INFO] 
[INFO] --- maven-compiler-plugin:3.1:compile (default-compile) @ examples ---
[INFO] Changes detected - recompiling the module!
[INFO] Compiling 16 source files to C:\Users\yhcro\PycharmProjects\stproject\examples\target\classes
[INFO] 
[INFO] --- maven-resources-plugin:2.6:testResources (default-testResources) @ examples ---
[INFO] Using 'UTF-8' encoding to copy filtered resources.
[INFO] skip non existing resourceDirectory C:\Users\yhcro\PycharmProjects\stproject\examples\src\test\resources
[INFO] 
[INFO] --- maven-compiler-plugin:3.1:testCompile (default-testCompile) @ examples ---
[INFO] Changes detected - recompiling the module!
[INFO] Compiling 12 source files to C:\Users\yhcro\PycharmProjects\stproject\examples\target\test-classes
[INFO] 
[INFO] --- maven-surefire-plugin:2.22.2:test (default-test) @ examples ---
[INFO] Tests are skipped.
[INFO] 
[INFO] --- jacoco-maven-plugin:0.8.7:report (report) @ examples ---
[INFO] Skipping JaCoCo execution due to missing execution data file.
[INFO] 
[INFO] --- maven-jar-plugin:2.4:jar (default-jar) @ examples ---
[INFO] Building jar: C:\Users\yhcro\PycharmProjects\stproject\examples\target\examples-1.0-SNAPSHOT.jar
[INFO] 
[INFO] --- maven-install-plugin:2.4:install (default-install) @ examples ---
[INFO] Installing C:\Users\yhcro\PycharmProjects\stproject\examples\target\examples-1.0-SNAPSHOT.jar to C:\Users\yhcro\.m2\repository\examples\examples\1.0-SNAPSHOT\examples-1.0-SNAPSHOT.jar
[INFO] Installing C:\Users\yhcro\PycharmProjects\stproject\examples\pom.xml to C:\Users\yhcro\.m2\repository\examples\examples\1.0-SNAPSHOT\examples-1.0-SNAPSHOT.pom
[INFO] ------------------------------------------------------------------------
[INFO] BUILD SUCCESS
[INFO] ------------------------------------------------------------------------
[INFO] Total time:  1.479 s
[INFO] Finished at: 2024-11-06T23:04:01-06:00
[INFO] ------------------------------------------------------------------------
